Using pre-set license
Built from '2020.3/china_unity/release' branch; Version is '2020.3.15f1c1 (2f15a4c58450) revision 3085732'; Using compiler version '192528614'; Build Type 'Release'
OS: 'Windows 10 Pro; OS build 19043.1110; Version 2009; 64bit' Language: 'zh' Physical Memory: 16250 MB
BatchMode: 1, IsHumanControllingUs: 0, StartBugReporterOnCrash: 0, Is64bit: 1, IsPro: 0

 COMMAND LINE ARGUMENTS:
D:\Program Files\2020.3.15f1c1\Editor\Unity.exe
-adb2
-batchMode
-noUpm
-name
AssetImportWorker0
-projectPath
D:/Github/FairyGUIProject/FairyGUIUnity
-logFile
Logs/AssetImportWorker0.log
-srvPort
12170
Successfully changed project path to: D:/Github/FairyGUIProject/FairyGUIUnity
D:/Github/FairyGUIProject/FairyGUIUnity
Using Asset Import Pipeline V2.
Refreshing native plugins compatible for Editor in 42.36 ms, found 2 plugins.
Preloading 0 native plugins for Editor in 0.00 ms.
Initialize engine version: 2020.3.15f1c1 (2f15a4c58450)
[Subsystems] Discovering subsystems at path D:/Program Files/2020.3.15f1c1/Editor/Data/Resources/UnitySubsystems
[Subsystems] Discovering subsystems at path D:/Github/FairyGUIProject/FairyGUIUnity/Assets
GfxDevice: creating device client; threaded=0
Direct3D:
    Version:  Direct3D 11.0 [level 11.1]
    Renderer: NVIDIA GeForce RTX 2060 (ID=0x1f15)
    Vendor:   
    VRAM:     5980 MB
    Driver:   30.0.14.7141
Shader 'Universal Render Pipeline/Particles/Lit': fallback shader 'Universal Render Pipeline/Particles/SimpleLit' not found
Initialize mono
Mono path[0] = 'D:/Program Files/2020.3.15f1c1/Editor/Data/Managed'
Mono path[1] = 'D:/Program Files/2020.3.15f1c1/Editor/Data/MonoBleedingEdge/lib/mono/unityjit'
Mono config path = 'D:/Program Files/2020.3.15f1c1/Editor/Data/MonoBleedingEdge/etc'
Using monoOptions --debugger-agent=transport=dt_socket,embedding=1,server=y,suspend=n,address=127.0.0.1:56284
Begin MonoManager ReloadAssembly
Registering precompiled unity dll's ...
Register platform support module: D:/Program Files/2020.3.15f1c1/Editor/Data/PlaybackEngines/WebGLSupport/UnityEditor.WebGL.Extensions.dll
Register platform support module: D:/Program Files/2020.3.15f1c1/Editor/Data/PlaybackEngines/WindowsStandaloneSupport/UnityEditor.WindowsStandalone.Extensions.dll
Registered in 0.001020 seconds.
Native extension for WindowsStandalone target not found
Native extension for WebGL target not found
Refreshing native plugins compatible for Editor in 42.15 ms, found 2 plugins.
Preloading 0 native plugins for Editor in 0.00 ms.
Mono: successfully reloaded assembly
- Completed reload, in  1.417 seconds
Domain Reload Profiling:
	ReloadAssembly (1417ms)
		BeginReloadAssembly (48ms)
			ExecutionOrderSort (0ms)
			DisableScriptedObjects (0ms)
			BackupInstance (0ms)
			ReleaseScriptingObjects (0ms)
			CreateAndSetChildDomain (1ms)
		EndReloadAssembly (333ms)
			LoadAssemblies (47ms)
			RebuildTransferFunctionScriptingTraits (0ms)
			SetupTypeCache (115ms)
			ReleaseScriptCaches (0ms)
			RebuildScriptCaches (25ms)
			SetupLoadedEditorAssemblies (139ms)
				LogAssemblyErrors (0ms)
				InitializePlatformSupportModulesInManaged (4ms)
				SetLoadedEditorAssemblies (0ms)
				RefreshPlugins (42ms)
				BeforeProcessingInitializeOnLoad (12ms)
				ProcessInitializeOnLoadAttributes (61ms)
				ProcessInitializeOnLoadMethodAttributes (20ms)
				AfterProcessingInitializeOnLoad (0ms)
				EditorAssembliesLoaded (0ms)
			ExecutionOrderSort2 (0ms)
			AwakeInstancesAfterBackupRestoration (0ms)
Platform modules already initialized, skipping
Registering precompiled user dll's ...
Registered in 0.002191 seconds.
Begin MonoManager ReloadAssembly
Native extension for WindowsStandalone target not found
Native extension for WebGL target not found
Refreshing native plugins compatible for Editor in 42.08 ms, found 2 plugins.
Preloading 0 native plugins for Editor in 0.00 ms.
Mono: successfully reloaded assembly
- Completed reload, in  0.971 seconds
Domain Reload Profiling:
	ReloadAssembly (971ms)
		BeginReloadAssembly (117ms)
			ExecutionOrderSort (0ms)
			DisableScriptedObjects (3ms)
			BackupInstance (0ms)
			ReleaseScriptingObjects (0ms)
			CreateAndSetChildDomain (14ms)
		EndReloadAssembly (807ms)
			LoadAssemblies (80ms)
			RebuildTransferFunctionScriptingTraits (0ms)
			SetupTypeCache (262ms)
			ReleaseScriptCaches (0ms)
			RebuildScriptCaches (39ms)
			SetupLoadedEditorAssemblies (333ms)
				LogAssemblyErrors (0ms)
				InitializePlatformSupportModulesInManaged (3ms)
				SetLoadedEditorAssemblies (0ms)
				RefreshPlugins (42ms)
				BeforeProcessingInitializeOnLoad (69ms)
				ProcessInitializeOnLoadAttributes (214ms)
				ProcessInitializeOnLoadMethodAttributes (3ms)
				AfterProcessingInitializeOnLoad (2ms)
				EditorAssembliesLoaded (0ms)
			ExecutionOrderSort2 (0ms)
			AwakeInstancesAfterBackupRestoration (5ms)
Platform modules already initialized, skipping
========================================================================
Worker process is ready to serve import requests
Shader 'FairyGUI/TextMeshPro/Distance Field': fallback shader 'TextMeshPro/Mobile/Distance Field' not found
Shader 'FairyGUI/TextMeshPro/Distance Field': fallback shader 'TextMeshPro/Mobile/Distance Field' not found
Shader 'Universal Render Pipeline/Particles/Lit': fallback shader 'Universal Render Pipeline/Particles/SimpleLit' not found
Launched and connected shader compiler UnityShaderCompiler.exe after 0.04 seconds
Refreshing native plugins compatible for Editor in 0.44 ms, found 2 plugins.
Preloading 0 native plugins for Editor in 0.00 ms.
Unloading 2924 Unused Serialized files (Serialized files now loaded: 0)
System memory in use before: 132.9 MB.
System memory in use after: 133.0 MB.

Unloading 20 unused Assets to reduce memory usage. Loaded Objects now: 3357.
Total: 2.284700 ms (FindLiveObjects: 0.281700 ms CreateObjectMapping: 0.148000 ms MarkObjects: 1.781600 ms  DeleteObjects: 0.072800 ms)

AssetImportParameters requested are different than current active one (requested -> active):
  custom:framework-win-MediaFoundation: 216162199b28c13a410421893ffa2e32 -> 
  custom:video-decoder-ogg-theora: a1e56fd34408186e4bbccfd4996cb3dc -> 
  custom:container-muxer-webm: aa71ff27fc2769a1b78a27578f13a17b -> 
  custom:container-demuxer-webm: 4f35f7cbe854078d1ac9338744f61a02 -> 
  custom:container-demuxer-ogg: 62fdf1f143b41e24485cea50d1cbac27 -> 
  custom:video-encoder-webm-vp8: eb34c28f22e8b96e1ab97ce403110664 -> 
  custom:video-codec-MediaFoundation-h265: 746d11721c4dcdbdad8f713fa42b33f4 -> 
  custom:video-decoder-webm-vp8: 9c59270c3fd7afecdb556c50c9e8de78 -> 
  custom:audio-decoder-ogg-vorbis: bf7c407c2cedff20999df2af8eb42d56 -> 
  custom:audio-encoder-webm-vorbis: bf7c407c2cedff20999df2af8eb42d56 -> 
========================================================================
Received Import Request.
  path: Assets/Resources/FairyGUI/OneButtonPackage_atlas0.png
  artifactKey: Guid(1f6100d4848bb6f47bc356c0d52d49f5) Importer(815301076,1909f56bfc062723c751e8b465ee728b)
Start importing Assets/Resources/FairyGUI/OneButtonPackage_atlas0.png using Guid(1f6100d4848bb6f47bc356c0d52d49f5) Importer(815301076,1909f56bfc062723c751e8b465ee728b)  -> (artifact id: '86aa549adad0d216002c2908d215a3e2') in 0.051107 seconds 
  Import took 0.054846 seconds .

========================================================================
Received Import Request.
  Time since last request: 1.327069 seconds.
  path: Assets/Resources/FairyGUI/Test_fui.bytes
  artifactKey: Guid(3e9ff5450055b2943a1f93572dadf26e) Importer(815301076,1909f56bfc062723c751e8b465ee728b)
Start importing Assets/Resources/FairyGUI/Test_fui.bytes using Guid(3e9ff5450055b2943a1f93572dadf26e) Importer(815301076,1909f56bfc062723c751e8b465ee728b)  -> (artifact id: '0b2e9a29d314a42f7baf99ff1eda2395') in 0.004111 seconds 
  Import took 0.008696 seconds .

========================================================================
Received Prepare
Registering precompiled user dll's ...
Registered in 0.002383 seconds.
Begin MonoManager ReloadAssembly
Native extension for WindowsStandalone target not found
Native extension for WebGL target not found
Refreshing native plugins compatible for Editor in 0.45 ms, found 2 plugins.
Preloading 0 native plugins for Editor in 0.00 ms.
Mono: successfully reloaded assembly
- Completed reload, in  0.850 seconds
Domain Reload Profiling:
	ReloadAssembly (851ms)
		BeginReloadAssembly (96ms)
			ExecutionOrderSort (0ms)
			DisableScriptedObjects (4ms)
			BackupInstance (0ms)
			ReleaseScriptingObjects (0ms)
			CreateAndSetChildDomain (27ms)
		EndReloadAssembly (711ms)
			LoadAssemblies (75ms)
			RebuildTransferFunctionScriptingTraits (0ms)
			SetupTypeCache (240ms)
			ReleaseScriptCaches (1ms)
			RebuildScriptCaches (32ms)
			SetupLoadedEditorAssemblies (285ms)
				LogAssemblyErrors (0ms)
				InitializePlatformSupportModulesInManaged (4ms)
				SetLoadedEditorAssemblies (0ms)
				RefreshPlugins (0ms)
				BeforeProcessingInitializeOnLoad (60ms)
				ProcessInitializeOnLoadAttributes (216ms)
				ProcessInitializeOnLoadMethodAttributes (3ms)
				AfterProcessingInitializeOnLoad (2ms)
				EditorAssembliesLoaded (0ms)
			ExecutionOrderSort2 (0ms)
			AwakeInstancesAfterBackupRestoration (7ms)
Platform modules already initialized, skipping
Shader 'FairyGUI/TextMeshPro/Distance Field': fallback shader 'TextMeshPro/Mobile/Distance Field' not found
Shader 'Universal Render Pipeline/Particles/Lit': fallback shader 'Universal Render Pipeline/Particles/SimpleLit' not found
Shader 'FairyGUI/TextMeshPro/Distance Field': fallback shader 'TextMeshPro/Mobile/Distance Field' not found
Refreshing native plugins compatible for Editor in 0.46 ms, found 2 plugins.
Preloading 0 native plugins for Editor in 0.00 ms.
Unloading 2809 Unused Serialized files (Serialized files now loaded: 0)
System memory in use before: 125.3 MB.
System memory in use after: 125.5 MB.

Unloading 15 unused Assets to reduce memory usage. Loaded Objects now: 3361.
Total: 2.257400 ms (FindLiveObjects: 0.215900 ms CreateObjectMapping: 0.118900 ms MarkObjects: 1.858500 ms  DeleteObjects: 0.063500 ms)

AssetImportParameters requested are different than current active one (requested -> active):
  custom:framework-win-MediaFoundation: 216162199b28c13a410421893ffa2e32 -> 
  custom:video-decoder-ogg-theora: a1e56fd34408186e4bbccfd4996cb3dc -> 
  custom:container-muxer-webm: aa71ff27fc2769a1b78a27578f13a17b -> 
  custom:container-demuxer-webm: 4f35f7cbe854078d1ac9338744f61a02 -> 
  custom:container-demuxer-ogg: 62fdf1f143b41e24485cea50d1cbac27 -> 
  custom:video-encoder-webm-vp8: eb34c28f22e8b96e1ab97ce403110664 -> 
  custom:video-codec-MediaFoundation-h265: 746d11721c4dcdbdad8f713fa42b33f4 -> 
  custom:video-decoder-webm-vp8: 9c59270c3fd7afecdb556c50c9e8de78 -> 
  custom:audio-decoder-ogg-vorbis: bf7c407c2cedff20999df2af8eb42d56 -> 
  custom:audio-encoder-webm-vorbis: bf7c407c2cedff20999df2af8eb42d56 -> 
========================================================================
Received Import Request.
  Time since last request: 280.892744 seconds.
  path: Assets/Resources/FairyGUI/OneButtonPackage_fui.bytes
  artifactKey: Guid(07ed07dba21716d4e8cbbda02598045b) Importer(815301076,1909f56bfc062723c751e8b465ee728b)
Start importing Assets/Resources/FairyGUI/OneButtonPackage_fui.bytes using Guid(07ed07dba21716d4e8cbbda02598045b) Importer(815301076,1909f56bfc062723c751e8b465ee728b)  -> (artifact id: '82e58c4ea15069db74b18e8b32913af5') in 0.015097 seconds 
  Import took 0.019785 seconds .

========================================================================
Received Import Request.
  Time since last request: 0.541279 seconds.
  path: Assets/Resources/FairyGUI/OneButtonPackage_atlas_p1rk14.png
  artifactKey: Guid(7a96265deefc2d14189cbb39cc6fd39d) Importer(815301076,1909f56bfc062723c751e8b465ee728b)
Start importing Assets/Resources/FairyGUI/OneButtonPackage_atlas_p1rk14.png using Guid(7a96265deefc2d14189cbb39cc6fd39d) Importer(815301076,1909f56bfc062723c751e8b465ee728b)  -> (artifact id: '0f0ee944c32b78c5f0dad77d0cbb19dd') in 0.028754 seconds 
  Import took 0.040002 seconds .

========================================================================
Received Import Request.
  Time since last request: 169.762442 seconds.
  path: Assets/Resources/FairyGUI/OneButtonPackage_atlas_p1rk14.png
  artifactKey: Guid(7a96265deefc2d14189cbb39cc6fd39d) Importer(815301076,1909f56bfc062723c751e8b465ee728b)
Start importing Assets/Resources/FairyGUI/OneButtonPackage_atlas_p1rk14.png using Guid(7a96265deefc2d14189cbb39cc6fd39d) Importer(815301076,1909f56bfc062723c751e8b465ee728b)  -> (artifact id: '9a8717a168a51f396afb77801c8d014a') in 0.013728 seconds 
  Import took 0.018246 seconds .

========================================================================
Received Import Request.
  Time since last request: 0.006534 seconds.
  path: Assets/Resources/FairyGUI/OneButtonPackage_atlas_p1rk14.png
  artifactKey: Guid(7a96265deefc2d14189cbb39cc6fd39d) Importer(815301076,1909f56bfc062723c751e8b465ee728b)
Start importing Assets/Resources/FairyGUI/OneButtonPackage_atlas_p1rk14.png using Guid(7a96265deefc2d14189cbb39cc6fd39d) Importer(815301076,1909f56bfc062723c751e8b465ee728b)  -> (artifact id: '9a8717a168a51f396afb77801c8d014a') in 0.015264 seconds 
  Import took 0.019469 seconds .

========================================================================
Received Import Request.
  Time since last request: 1.085310 seconds.
  path: Assets/Resources/FairyGUI/OneButtonPackage_fui.bytes
  artifactKey: Guid(07ed07dba21716d4e8cbbda02598045b) Importer(815301076,1909f56bfc062723c751e8b465ee728b)
Start importing Assets/Resources/FairyGUI/OneButtonPackage_fui.bytes using Guid(07ed07dba21716d4e8cbbda02598045b) Importer(815301076,1909f56bfc062723c751e8b465ee728b)  -> (artifact id: '13fab1eca661105e19fc2283ad7844f6') in 0.002337 seconds 
  Import took 0.008103 seconds .

========================================================================
Received Import Request.
  Time since last request: 197.528181 seconds.
  path: Assets/Resources/FairyGUI/OneButtonPackage_atlas_p1rk14.png
  artifactKey: Guid(7a96265deefc2d14189cbb39cc6fd39d) Importer(815301076,1909f56bfc062723c751e8b465ee728b)
Start importing Assets/Resources/FairyGUI/OneButtonPackage_atlas_p1rk14.png using Guid(7a96265deefc2d14189cbb39cc6fd39d) Importer(815301076,1909f56bfc062723c751e8b465ee728b)  -> (artifact id: 'be1037e1ea35f1eb4ba5ee28eb1e56b4') in 0.022264 seconds 
  Import took 0.035227 seconds .

========================================================================
Received Prepare
Registering precompiled user dll's ...
Registered in 0.002585 seconds.
Begin MonoManager ReloadAssembly
Native extension for WindowsStandalone target not found
Native extension for WebGL target not found
Refreshing native plugins compatible for Editor in 0.50 ms, found 2 plugins.
Preloading 0 native plugins for Editor in 0.00 ms.
Mono: successfully reloaded assembly
- Completed reload, in  0.889 seconds
Domain Reload Profiling:
	ReloadAssembly (889ms)
		BeginReloadAssembly (100ms)
			ExecutionOrderSort (0ms)
			DisableScriptedObjects (4ms)
			BackupInstance (0ms)
			ReleaseScriptingObjects (0ms)
			CreateAndSetChildDomain (30ms)
		EndReloadAssembly (740ms)
			LoadAssemblies (81ms)
			RebuildTransferFunctionScriptingTraits (0ms)
			SetupTypeCache (260ms)
			ReleaseScriptCaches (1ms)
			RebuildScriptCaches (33ms)
			SetupLoadedEditorAssemblies (289ms)
				LogAssemblyErrors (0ms)
				InitializePlatformSupportModulesInManaged (4ms)
				SetLoadedEditorAssemblies (0ms)
				RefreshPlugins (1ms)
				BeforeProcessingInitializeOnLoad (60ms)
				ProcessInitializeOnLoadAttributes (219ms)
				ProcessInitializeOnLoadMethodAttributes (3ms)
				AfterProcessingInitializeOnLoad (2ms)
				EditorAssembliesLoaded (0ms)
			ExecutionOrderSort2 (0ms)
			AwakeInstancesAfterBackupRestoration (8ms)
Platform modules already initialized, skipping
Shader 'FairyGUI/TextMeshPro/Distance Field': fallback shader 'TextMeshPro/Mobile/Distance Field' not found
Shader 'Universal Render Pipeline/Particles/Lit': fallback shader 'Universal Render Pipeline/Particles/SimpleLit' not found
Shader 'FairyGUI/TextMeshPro/Distance Field': fallback shader 'TextMeshPro/Mobile/Distance Field' not found
Refreshing native plugins compatible for Editor in 0.44 ms, found 2 plugins.
Preloading 0 native plugins for Editor in 0.00 ms.
Unloading 2809 Unused Serialized files (Serialized files now loaded: 0)
System memory in use before: 125.4 MB.
System memory in use after: 125.5 MB.

Unloading 15 unused Assets to reduce memory usage. Loaded Objects now: 3364.
Total: 2.035300 ms (FindLiveObjects: 0.216000 ms CreateObjectMapping: 0.117100 ms MarkObjects: 1.648400 ms  DeleteObjects: 0.053100 ms)

AssetImportParameters requested are different than current active one (requested -> active):
  custom:framework-win-MediaFoundation: 216162199b28c13a410421893ffa2e32 -> 
  custom:video-decoder-ogg-theora: a1e56fd34408186e4bbccfd4996cb3dc -> 
  custom:container-muxer-webm: aa71ff27fc2769a1b78a27578f13a17b -> 
  custom:container-demuxer-webm: 4f35f7cbe854078d1ac9338744f61a02 -> 
  custom:container-demuxer-ogg: 62fdf1f143b41e24485cea50d1cbac27 -> 
  custom:video-encoder-webm-vp8: eb34c28f22e8b96e1ab97ce403110664 -> 
  custom:video-codec-MediaFoundation-h265: 746d11721c4dcdbdad8f713fa42b33f4 -> 
  custom:video-decoder-webm-vp8: 9c59270c3fd7afecdb556c50c9e8de78 -> 
  custom:audio-decoder-ogg-vorbis: bf7c407c2cedff20999df2af8eb42d56 -> 
  custom:audio-encoder-webm-vorbis: bf7c407c2cedff20999df2af8eb42d56 -> 
========================================================================
Received Prepare
Registering precompiled user dll's ...
Registered in 0.002463 seconds.
Begin MonoManager ReloadAssembly
Native extension for WindowsStandalone target not found
Native extension for WebGL target not found
Refreshing native plugins compatible for Editor in 0.42 ms, found 2 plugins.
Preloading 0 native plugins for Editor in 0.00 ms.
Mono: successfully reloaded assembly
- Completed reload, in  0.865 seconds
Domain Reload Profiling:
	ReloadAssembly (866ms)
		BeginReloadAssembly (92ms)
			ExecutionOrderSort (0ms)
			DisableScriptedObjects (4ms)
			BackupInstance (0ms)
			ReleaseScriptingObjects (0ms)
			CreateAndSetChildDomain (26ms)
		EndReloadAssembly (728ms)
			LoadAssemblies (82ms)
			RebuildTransferFunctionScriptingTraits (0ms)
			SetupTypeCache (242ms)
			ReleaseScriptCaches (1ms)
			RebuildScriptCaches (31ms)
			SetupLoadedEditorAssemblies (291ms)
				LogAssemblyErrors (0ms)
				InitializePlatformSupportModulesInManaged (4ms)
				SetLoadedEditorAssemblies (0ms)
				RefreshPlugins (0ms)
				BeforeProcessingInitializeOnLoad (65ms)
				ProcessInitializeOnLoadAttributes (217ms)
				ProcessInitializeOnLoadMethodAttributes (3ms)
				AfterProcessingInitializeOnLoad (2ms)
				EditorAssembliesLoaded (0ms)
			ExecutionOrderSort2 (0ms)
			AwakeInstancesAfterBackupRestoration (9ms)
Platform modules already initialized, skipping
Shader 'FairyGUI/TextMeshPro/Distance Field': fallback shader 'TextMeshPro/Mobile/Distance Field' not found
Shader 'Universal Render Pipeline/Particles/Lit': fallback shader 'Universal Render Pipeline/Particles/SimpleLit' not found
Shader 'FairyGUI/TextMeshPro/Distance Field': fallback shader 'TextMeshPro/Mobile/Distance Field' not found
Refreshing native plugins compatible for Editor in 0.45 ms, found 2 plugins.
Preloading 0 native plugins for Editor in 0.00 ms.
Unloading 2809 Unused Serialized files (Serialized files now loaded: 0)
System memory in use before: 125.4 MB.
System memory in use after: 125.6 MB.

Unloading 15 unused Assets to reduce memory usage. Loaded Objects now: 3366.
Total: 1.998900 ms (FindLiveObjects: 0.215400 ms CreateObjectMapping: 0.117400 ms MarkObjects: 1.614200 ms  DeleteObjects: 0.051100 ms)

AssetImportParameters requested are different than current active one (requested -> active):
  custom:framework-win-MediaFoundation: 216162199b28c13a410421893ffa2e32 -> 
  custom:video-decoder-ogg-theora: a1e56fd34408186e4bbccfd4996cb3dc -> 
  custom:container-muxer-webm: aa71ff27fc2769a1b78a27578f13a17b -> 
  custom:container-demuxer-webm: 4f35f7cbe854078d1ac9338744f61a02 -> 
  custom:container-demuxer-ogg: 62fdf1f143b41e24485cea50d1cbac27 -> 
  custom:video-encoder-webm-vp8: eb34c28f22e8b96e1ab97ce403110664 -> 
  custom:video-codec-MediaFoundation-h265: 746d11721c4dcdbdad8f713fa42b33f4 -> 
  custom:video-decoder-webm-vp8: 9c59270c3fd7afecdb556c50c9e8de78 -> 
  custom:audio-decoder-ogg-vorbis: bf7c407c2cedff20999df2af8eb42d56 -> 
  custom:audio-encoder-webm-vorbis: bf7c407c2cedff20999df2af8eb42d56 -> 
========================================================================
Received Import Request.
  Time since last request: 261.408220 seconds.
  path: Assets/Resources/FairyGUI/OneButtonPackage_atlas0.png
  artifactKey: Guid(1f6100d4848bb6f47bc356c0d52d49f5) Importer(815301076,1909f56bfc062723c751e8b465ee728b)
Start importing Assets/Resources/FairyGUI/OneButtonPackage_atlas0.png using Guid(1f6100d4848bb6f47bc356c0d52d49f5) Importer(815301076,1909f56bfc062723c751e8b465ee728b)  -> (artifact id: 'eb32b2fda4511b80873c1e272fba47d0') in 0.037196 seconds 
  Import took 0.049379 seconds .

========================================================================
Received Import Request.
  Time since last request: 0.766014 seconds.
  path: Assets/Resources/FairyGUI/OneButtonPackage_atlas_au95i.png
  artifactKey: Guid(0687719a273161a4b99f6e400b5b0449) Importer(815301076,1909f56bfc062723c751e8b465ee728b)
Start importing Assets/Resources/FairyGUI/OneButtonPackage_atlas_au95i.png using Guid(0687719a273161a4b99f6e400b5b0449) Importer(815301076,1909f56bfc062723c751e8b465ee728b)  -> (artifact id: '952e7a287f2e6e33764c987dbc15dc9f') in 0.005967 seconds 
  Import took 0.017250 seconds .

AssetImportWorkerClient::OnTransportError - code=2 error=End of file
